<class 'pandas.core.frame.DataFrame'>   
RangeIndex: 887 entries, 0 to 886       
Data columns (total 8 columns):
Start               887 non-null object 
End                 887 non-null object 
Sleep quality       887 non-null object 
Time in bed         887 non-null object 
Wake up             246 non-null object 
Sleep Notes         652 non-null object 
Heart rate          162 non-null float64
Activity (steps)    887 non-null int64  
dtypes: float64(1), int64(1), object(6) 
memory usage: 55.5+ KB
第1个episode的识别准确率为：57.575758% (误差区间：10)
第1个episode的平均loss为：15.250584
第2个episode的识别准确率为：12.121212% (误差区间：10)
第2个episode的平均loss为：0.225024
第3个episode的识别准确率为：72.727273% (误差区间：10)
第3个episode的平均loss为：0.247068
第4个episode的识别准确率为：72.727273% (误差区间：10)
第4个episode的平均loss为：0.241453
第5个episode的识别准确率为：72.727273% (误差区间：10)
第5个episode的平均loss为：0.216289
第6个episode的识别准确率为：12.121212% (误差区间：10)
第6个episode的平均loss为：0.220175
第7个episode的识别准确率为：72.727273% (误差区间：10)
第7个episode的平均loss为：0.216077
第8个episode的识别准确率为：72.727273% (误差区间：10)
第8个episode的平均loss为：0.217824
第9个episode的识别准确率为：72.727273% (误差区间：10)
第9个episode的平均loss为：0.217950
第10个episode的识别准确率为：57.575758% (误差区间：10)
第10个episode的平均loss为：0.218907
successfully save the model to ./testmodel//net_011_0406_195513_127_100.pth
第1个episode的识别准确率为：39.393939% (误差区间：10)
第1个episode的平均loss为：376.756287
第2个episode的识别准确率为：42.424242% (误差区间：10)
第2个episode的平均loss为：203.016769
第3个episode的识别准确率为：54.545455% (误差区间：10)
第3个episode的平均loss为：0.581887
第4个episode的识别准确率为：24.242424% (误差区间：10)
第4个episode的平均loss为：0.273011
第5个episode的识别准确率为：39.393939% (误差区间：10)
第5个episode的平均loss为：0.263863
第6个episode的识别准确率为：39.393939% (误差区间：10)
第6个episode的平均loss为：0.256332
第7个episode的识别准确率为：39.393939% (误差区间：10)
第7个episode的平均loss为：0.251817
第8个episode的识别准确率为：39.393939% (误差区间：10)
第8个episode的平均loss为：0.252194
第9个episode的识别准确率为：39.393939% (误差区间：10)
第9个episode的平均loss为：0.250254
第10个episode的识别准确率为：39.393939% (误差区间：10)
第10个episode的平均loss为：0.247638
successfully save the model to ./testmodel//net_011_0406_195514_63_100.pth
第1个episode的识别准确率为：69.696970% (误差区间：10)
第1个episode的平均loss为：87.603157
第2个episode的识别准确率为：48.484848% (误差区间：10)
第2个episode的平均loss为：79.728859
第3个episode的识别准确率为：66.666667% (误差区间：10)
第3个episode的平均loss为：0.249587
第4个episode的识别准确率为：66.666667% (误差区间：10)
第4个episode的平均loss为：0.271071
第5个episode的识别准确率为：72.727273% (误差区间：10)
第5个episode的平均loss为：0.243541
第6个episode的识别准确率为：48.484848% (误差区间：10)
第6个episode的平均loss为：0.233417
第7个episode的识别准确率为：48.484848% (误差区间：10)
第7个episode的平均loss为：0.231482
第8个episode的识别准确率为：48.484848% (误差区间：10)
第8个episode的平均loss为：0.231038
第9个episode的识别准确率为：48.484848% (误差区间：10)
第9个episode的平均loss为：0.230562
第10个episode的识别准确率为：48.484848% (误差区间：10)
第10个episode的平均loss为：0.230241
successfully save the model to ./testmodel//net_011_0406_195514_111_100.pth
第1个episode的识别准确率为：58.000000% (误差区间：10)
第1个episode的平均loss为：0.169250
第2个episode的识别准确率为：58.000000% (误差区间：10)
第2个episode的平均loss为：0.182484
第3个episode的识别准确率为：50.000000% (误差区间：10)
第3个episode的平均loss为：0.183747
第4个episode的识别准确率为：50.000000% (误差区间：10)
第4个episode的平均loss为：0.180986
第5个episode的识别准确率为：50.000000% (误差区间：10)
第5个episode的平均loss为：0.176261
第6个episode的识别准确率为：66.000000% (误差区间：10)
第6个episode的平均loss为：0.168154
第7个episode的识别准确率为：58.000000% (误差区间：10)
第7个episode的平均loss为：0.169487
第8个episode的识别准确率为：50.000000% (误差区间：10)
第8个episode的平均loss为：0.175411
第9个episode的识别准确率为：60.000000% (误差区间：10)
第9个episode的平均loss为：0.167297
第10个episode的识别准确率为：58.000000% (误差区间：10)
第10个episode的平均loss为：0.175118
successfully save the model to ./testmodel//net_011_0406_195514_95_100.pth
第1个episode的识别准确率为：54.000000% (误差区间：10)
第1个episode的平均loss为：0.168215
第2个episode的识别准确率为：54.000000% (误差区间：10)
第2个episode的平均loss为：0.176772
第3个episode的识别准确率为：54.000000% (误差区间：10)
第3个episode的平均loss为：0.182301
第4个episode的识别准确率为：68.000000% (误差区间：10)
第4个episode的平均loss为：0.164117
第5个episode的识别准确率为：32.000000% (误差区间：10)
第5个episode的平均loss为：0.166783
第6个episode的识别准确率为：54.000000% (误差区间：10)
第6个episode的平均loss为：0.172748
第7个episode的识别准确率为：54.000000% (误差区间：10)
第7个episode的平均loss为：0.165725
第8个episode的识别准确率为：54.000000% (误差区间：10)
第8个episode的平均loss为：0.171291
第9个episode的识别准确率为：54.000000% (误差区间：10)
第9个episode的平均loss为：0.169366
第10个episode的识别准确率为：52.000000% (误差区间：10)
第10个episode的平均loss为：0.171781
successfully save the model to ./testmodel//net_011_0406_195515_31_100.pth
第1个episode的识别准确率为：57.575758% (误差区间：10)
第1个episode的平均loss为：176.421097
第2个episode的识别准确率为：12.121212% (误差区间：10)
第2个episode的平均loss为：0.559959
第3个episode的识别准确率为：69.696970% (误差区间：10)
第3个episode的平均loss为：0.273140
第4个episode的识别准确率为：69.696970% (误差区间：10)
第4个episode的平均loss为：0.258929
第5个episode的识别准确率为：57.575758% (误差区间：10)
第5个episode的平均loss为：0.252908
第6个episode的识别准确率为：57.575758% (误差区间：10)
第6个episode的平均loss为：0.253111
第7个episode的识别准确率为：57.575758% (误差区间：10)
第7个episode的平均loss为：0.254699
第8个episode的识别准确率为：57.575758% (误差区间：10)
第8个episode的平均loss为：0.254713
第9个episode的识别准确率为：57.575758% (误差区间：10)
第9个episode的平均loss为：0.254320
第10个episode的识别准确率为：57.575758% (误差区间：10)
第10个episode的平均loss为：0.253812
successfully save the model to ./testmodel//net_011_0406_195515_47_100.pth
第1个episode的识别准确率为：45.505618% (误差区间：10)
第1个episode的平均loss为：0.138786
第2个episode的识别准确率为：39.325843% (误差区间：10)
第2个episode的平均loss为：0.136451
第3个episode的识别准确率为：45.505618% (误差区间：10)
第3个episode的平均loss为：0.135492
第4个episode的识别准确率为：50.000000% (误差区间：10)
第4个episode的平均loss为：0.135067
第5个episode的识别准确率为：53.932584% (误差区间：10)
第5个episode的平均loss为：0.134973
第6个episode的识别准确率为：58.426966% (误差区间：10)
第6个episode的平均loss为：0.135075
第7个episode的识别准确率为：60.112360% (误差区间：10)
第7个episode的平均loss为：0.135257
第8个episode的识别准确率为：60.112360% (误差区间：10)
第8个episode的平均loss为：0.135496
第9个episode的识别准确率为：60.112360% (误差区间：10)
第9个episode的平均loss为：0.135765
第10个episode的识别准确率为：60.112360% (误差区间：10)
第10个episode的平均loss为：0.135989
successfully save the model to ./testmodel//net_011_0406_195515_15_100.pth
第1个episode的识别准确率为：0.000000% (误差区间：0)
第1个episode的平均loss为：25.869511
第2个episode的识别准确率为：100.000000% (误差区间：0)
第2个episode的平均loss为：0.000873
第3个episode的识别准确率为：100.000000% (误差区间：0)
第3个episode的平均loss为：0.014111
第4个episode的识别准确率为：100.000000% (误差区间：0)
第4个episode的平均loss为：0.005518
第5个episode的识别准确率为：100.000000% (误差区间：0)
第5个episode的平均loss为：0.004722
第6个episode的识别准确率为：100.000000% (误差区间：0)
第6个episode的平均loss为：0.004357
第7个episode的识别准确率为：100.000000% (误差区间：0)
第7个episode的平均loss为：0.004166
第8个episode的识别准确率为：100.000000% (误差区间：0)
第8个episode的平均loss为：0.004060
第9个episode的识别准确率为：100.000000% (误差区间：0)
第9个episode的平均loss为：0.003999
第10个episode的识别准确率为：100.000000% (误差区间：0)
第10个episode的平均loss为：0.003964
successfully save the model to ./testmodel//net_011_0406_195516_127_1.pth
第1个episode的识别准确率为：100.000000% (误差区间：0)
第1个episode的平均loss为：0.000000
第2个episode的识别准确率为：100.000000% (误差区间：0)
第2个episode的平均loss为：0.000000
第3个episode的识别准确率为：100.000000% (误差区间：0)
第3个episode的平均loss为：0.000000
第4个episode的识别准确率为：100.000000% (误差区间：0)
第4个episode的平均loss为：0.000000
第5个episode的识别准确率为：100.000000% (误差区间：0)
第5个episode的平均loss为：0.000000
第6个episode的识别准确率为：100.000000% (误差区间：0)
第6个episode的平均loss为：0.000000
第7个episode的识别准确率为：100.000000% (误差区间：0)
第7个episode的平均loss为：0.000000
第8个episode的识别准确率为：100.000000% (误差区间：0)
第8个episode的平均loss为：0.000000
第9个episode的识别准确率为：100.000000% (误差区间：0)
第9个episode的平均loss为：0.000000
第10个episode的识别准确率为：100.000000% (误差区间：0)
第10个episode的平均loss为：0.000000
successfully save the model to ./testmodel//net_011_0406_195516_63_1.pth
第1个episode的识别准确率为：100.000000% (误差区间：0)
第1个episode的平均loss为：0.000000
第2个episode的识别准确率为：100.000000% (误差区间：0)
第2个episode的平均loss为：0.000000
第3个episode的识别准确率为：100.000000% (误差区间：0)
第3个episode的平均loss为：0.000000
第4个episode的识别准确率为：100.000000% (误差区间：0)
第4个episode的平均loss为：0.000000
第5个episode的识别准确率为：100.000000% (误差区间：0)
第5个episode的平均loss为：0.000000
第6个episode的识别准确率为：100.000000% (误差区间：0)
第6个episode的平均loss为：0.000000
第7个episode的识别准确率为：100.000000% (误差区间：0)
第7个episode的平均loss为：0.000000
第8个episode的识别准确率为：100.000000% (误差区间：0)
第8个episode的平均loss为：0.000000
第9个episode的识别准确率为：100.000000% (误差区间：0)
第9个episode的平均loss为：0.000000
第10个episode的识别准确率为：100.000000% (误差区间：0)
第10个episode的平均loss为：0.000000
successfully save the model to ./testmodel//net_011_0406_195516_111_1.pth
第1个episode的识别准确率为：98.000000% (误差区间：0)
第1个episode的平均loss为：0.008341
第2个episode的识别准确率为：98.000000% (误差区间：0)
第2个episode的平均loss为：0.003001
第3个episode的识别准确率为：98.000000% (误差区间：0)
第3个episode的平均loss为：0.002934
第4个episode的识别准确率为：98.000000% (误差区间：0)
第4个episode的平均loss为：0.002897
第5个episode的识别准确率为：98.000000% (误差区间：0)
第5个episode的平均loss为：0.002894
第6个episode的识别准确率为：98.000000% (误差区间：0)
第6个episode的平均loss为：0.002895
第7个episode的识别准确率为：98.000000% (误差区间：0)
第7个episode的平均loss为：0.002914
第8个episode的识别准确率为：98.000000% (误差区间：0)
第8个episode的平均loss为：0.002913
第9个episode的识别准确率为：98.000000% (误差区间：0)
第9个episode的平均loss为：0.002986
第10个episode的识别准确率为：98.000000% (误差区间：0)
第10个episode的平均loss为：0.003018
successfully save the model to ./testmodel//net_011_0406_195517_95_1.pth
第1个episode的识别准确率为：98.000000% (误差区间：0)
第1个episode的平均loss为：0.006905
第2个episode的识别准确率为：98.000000% (误差区间：0)
第2个episode的平均loss为：0.005508
第3个episode的识别准确率为：98.000000% (误差区间：0)
第3个episode的平均loss为：0.005398
第4个episode的识别准确率为：98.000000% (误差区间：0)
第4个episode的平均loss为：0.005269
第5个episode的识别准确率为：98.000000% (误差区间：0)
第5个episode的平均loss为：0.005178
第6个episode的识别准确率为：98.000000% (误差区间：0)
第6个episode的平均loss为：0.005242
第7个episode的识别准确率为：98.000000% (误差区间：0)
第7个episode的平均loss为：0.005210
第8个episode的识别准确率为：98.000000% (误差区间：0)
第8个episode的平均loss为：0.004675
第9个episode的识别准确率为：98.000000% (误差区间：0)
第9个episode的平均loss为：0.004769
第10个episode的识别准确率为：98.000000% (误差区间：0)
第10个episode的平均loss为：0.004773
successfully save the model to ./testmodel//net_011_0406_195517_31_1.pth
第1个episode的识别准确率为：96.969697% (误差区间：0)
第1个episode的平均loss为：5.657204
第2个episode的识别准确率为：96.969697% (误差区间：0)
第3个episode的识别准确率为：96.969697% (误差区间：0)
第3个episode的平均loss为：5.657204
第4个episode的识别准确率为：96.969697% (误差区间：0)
第4个episode的平均loss为：5.657204
第5个episode的识别准确率为：96.969697% (误差区间：0)
第5个episode的平均loss为：5.657204
第6个episode的识别准确率为：96.969697% (误差区间：0)
第6个episode的平均loss为：5.657204
第7个episode的识别准确率为：96.969697% (误差区间：0)
第7个episode的平均loss为：5.657204
第8个episode的识别准确率为：96.969697% (误差区间：0)
第8个episode的平均loss为：5.657204
第9个episode的识别准确率为：96.969697% (误差区间：0)
第9个episode的平均loss为：5.657204
第10个episode的识别准确率为：96.969697% (误差区间：0)
第10个episode的平均loss为：5.657204
successfully save the model to ./testmodel//net_011_0406_195517_47_1.pth
第1个episode的识别准确率为：96.629213% (误差区间：0)
第1个episode的平均loss为：0.006225
第2个episode的识别准确率为：96.629213% (误差区间：0)
第2个episode的平均loss为：0.005604
第3个episode的识别准确率为：96.629213% (误差区间：0)
第3个episode的平均loss为：0.005304
第4个episode的识别准确率为：96.629213% (误差区间：0)
第4个episode的平均loss为：0.005011
第5个episode的识别准确率为：96.629213% (误差区间：0)
第5个episode的平均loss为：0.004841
第6个episode的识别准确率为：96.629213% (误差区间：0)
第6个episode的平均loss为：0.004720
第7个episode的识别准确率为：96.629213% (误差区间：0)
第7个episode的平均loss为：0.004602
第8个episode的识别准确率为：96.629213% (误差区间：0)
第8个episode的平均loss为：0.004545
第9个episode的识别准确率为：96.629213% (误差区间：0)
第9个episode的平均loss为：0.004449
第10个episode的识别准确率为：96.629213% (误差区间：0)
第10个episode的平均loss为：0.004371
successfully save the model to ./testmodel//net_011_0406_195517_15_1.pth